<?xml version="1.0" encoding="UTF-8"?>
<testng-results ignored="0" total="1" passed="1" failed="0" skipped="0">
  <reporter-output>
  </reporter-output>
  <suite started-at="2024-10-08T11:38:00 IST" name="Suite" finished-at="2024-10-08T11:38:25 IST" duration-ms="24842">
    <groups>
    </groups>
    <test started-at="2024-10-08T11:38:00 IST" name="Test" finished-at="2024-10-08T11:38:25 IST" duration-ms="24842">
      <class name="testCasePack.TC001_Login">
        <test-method is-config="true" signature="launchBrowser()[pri:0, instance:testCasePack.TC001_Login@294425a7]" started-at="2024-10-08T11:38:00 IST" name="launchBrowser" finished-at="2024-10-08T11:38:13 IST" duration-ms="13331" status="PASS">
          <reporter-output>
          </reporter-output>
        </test-method> <!-- launchBrowser -->
        <test-method signature="loginWithValidData()[pri:0, instance:testCasePack.TC001_Login@294425a7]" started-at="2024-10-08T11:38:13 IST" name="loginWithValidData" finished-at="2024-10-08T11:38:24 IST" duration-ms="10715" status="PASS">
          <reporter-output>
          </reporter-output>
        </test-method> <!-- loginWithValidData -->
        <test-method is-config="true" signature="closeBrowser()[pri:0, instance:testCasePack.TC001_Login@294425a7]" started-at="2024-10-08T11:38:24 IST" name="closeBrowser" finished-at="2024-10-08T11:38:25 IST" duration-ms="686" status="PASS">
          <reporter-output>
          </reporter-output>
        </test-method> <!-- closeBrowser -->
      </class> <!-- testCasePack.TC001_Login -->
    </test> <!-- Test -->
  </suite> <!-- Suite -->
</testng-results>
